<?xml version="1.0" encoding="UTF-8"?>
<testng-results ignored="0" total="0" passed="0" failed="0" skipped="0">
  <reporter-output>
  </reporter-output>
  <suite started-at="2021-05-26T22:26:27 IST" name="Default suite" finished-at="2021-05-26T22:26:28 IST" duration-ms="366">
    <groups>
      <group name="cucumber">
        <method signature="AbstractTestNGCucumberTests.runScenario(io.cucumber.testng.PickleWrapper,io.cucumber.testng.FeatureWrapper)[pri:0, instance:cucumberframework.runner.MainRunner@548d708a]" name="runScenario" class="io.cucumber.testng.AbstractTestNGCucumberTests"/>
      </group> <!-- cucumber -->
    </groups>
    <test started-at="2021-05-26T22:26:27 IST" name="Default test" finished-at="2021-05-26T22:26:28 IST" duration-ms="366">
      <class name="cucumberframework.runner.MainRunner">
        <test-method is-config="true" signature="setUpClass()[pri:0, instance:cucumberframework.runner.MainRunner@548d708a]" started-at="2021-05-26T22:26:27 IST" name="setUpClass" finished-at="2021-05-26T22:26:28 IST" duration-ms="316" status="PASS">
          <reporter-output>
          </reporter-output>
        </test-method> <!-- setUpClass -->
        <test-method is-config="true" signature="tearDownClass()[pri:0, instance:cucumberframework.runner.MainRunner@548d708a]" started-at="2021-05-26T22:26:28 IST" name="tearDownClass" finished-at="2021-05-26T22:26:28 IST" duration-ms="9" status="PASS">
          <reporter-output>
          </reporter-output>
        </test-method> <!-- tearDownClass -->
      </class> <!-- cucumberframework.runner.MainRunner -->
    </test> <!-- Default test -->
  </suite> <!-- Default suite -->
</testng-results>
